1613248332.236124 client started (68741): version 3.0a, socket /tmp//tmux-1000/default, protocol 8
1613248332.236187 on Linux 5.4.0-65-lowlatency #73-Ubuntu SMP PREEMPT Mon Jan 18 18:17:38 UTC 2021; libevent 2.1.11-stable (poll)
1613248332.236238 socket is /tmp//tmux-1000/default
1613248332.236267 trying connect
1613248332.236420 add peer 0x55ea88ffe900: 6 ((nil))
1613248332.236598 sending message 100 to peer 0x55ea88ffe900 (4 bytes)
1613248332.236622 sending message 101 to peer 0x55ea88ffe900 (16 bytes)
1613248332.236635 sending message 102 to peer 0x55ea88ffe900 (11 bytes)
1613248332.236647 sending message 108 to peer 0x55ea88ffe900 (20 bytes)
1613248332.236662 sending message 104 to peer 0x55ea88ffe900 (0 bytes)
1613248332.236676 sending message 107 to peer 0x55ea88ffe900 (4 bytes)
1613248332.236688 sending message 105 to peer 0x55ea88ffe900 (16 bytes)
1613248332.236701 sending message 105 to peer 0x55ea88ffe900 (32 bytes)
1613248332.236714 sending message 105 to peer 0x55ea88ffe900 (102 bytes)
1613248332.236727 sending message 105 to peer 0x55ea88ffe900 (19 bytes)
1613248332.236739 sending message 105 to peer 0x55ea88ffe900 (20 bytes)
1613248332.236752 sending message 105 to peer 0x55ea88ffe900 (45 bytes)
1613248332.236763 sending message 105 to peer 0x55ea88ffe900 (8 bytes)
1613248332.236775 sending message 105 to peer 0x55ea88ffe900 (23 bytes)
1613248332.236787 sending message 105 to peer 0x55ea88ffe900 (44 bytes)
1613248332.236799 sending message 105 to peer 0x55ea88ffe900 (37 bytes)
1613248332.236811 sending message 105 to peer 0x55ea88ffe900 (18 bytes)
1613248332.236823 sending message 105 to peer 0x55ea88ffe900 (27 bytes)
1613248332.236834 sending message 105 to peer 0x55ea88ffe900 (54 bytes)
1613248332.236899 sending message 105 to peer 0x55ea88ffe900 (23 bytes)
1613248332.236918 sending message 105 to peer 0x55ea88ffe900 (32 bytes)
1613248332.236931 sending message 105 to peer 0x55ea88ffe900 (20 bytes)
1613248332.236943 sending message 105 to peer 0x55ea88ffe900 (41 bytes)
1613248332.236955 sending message 105 to peer 0x55ea88ffe900 (20 bytes)
1613248332.236968 sending message 105 to peer 0x55ea88ffe900 (23 bytes)
1613248332.236980 sending message 105 to peer 0x55ea88ffe900 (24 bytes)
1613248332.236993 sending message 105 to peer 0x55ea88ffe900 (19 bytes)
1613248332.237005 sending message 105 to peer 0x55ea88ffe900 (26 bytes)
1613248332.237017 sending message 105 to peer 0x55ea88ffe900 (19 bytes)
1613248332.237029 sending message 105 to peer 0x55ea88ffe900 (28 bytes)
1613248332.237041 sending message 105 to peer 0x55ea88ffe900 (30 bytes)
1613248332.237053 sending message 105 to peer 0x55ea88ffe900 (24 bytes)
1613248332.237064 sending message 105 to peer 0x55ea88ffe900 (12 bytes)
1613248332.237076 sending message 105 to peer 0x55ea88ffe900 (27 bytes)
1613248332.237088 sending message 105 to peer 0x55ea88ffe900 (21 bytes)
1613248332.237101 sending message 105 to peer 0x55ea88ffe900 (52 bytes)
1613248332.237113 sending message 105 to peer 0x55ea88ffe900 (41 bytes)
1613248332.237125 sending message 105 to peer 0x55ea88ffe900 (13 bytes)
1613248332.237136 sending message 105 to peer 0x55ea88ffe900 (15 bytes)
1613248332.237149 sending message 105 to peer 0x55ea88ffe900 (13 bytes)
1613248332.237160 sending message 105 to peer 0x55ea88ffe900 (18 bytes)
1613248332.237172 sending message 105 to peer 0x55ea88ffe900 (17 bytes)
1613248332.237184 sending message 105 to peer 0x55ea88ffe900 (21 bytes)
1613248332.237196 sending message 105 to peer 0x55ea88ffe900 (1506 bytes)
1613248332.237213 sending message 105 to peer 0x55ea88ffe900 (33 bytes)
1613248332.237225 sending message 105 to peer 0x55ea88ffe900 (17 bytes)
1613248332.237237 sending message 105 to peer 0x55ea88ffe900 (86 bytes)
1613248332.237249 sending message 105 to peer 0x55ea88ffe900 (29 bytes)
1613248332.237261 sending message 105 to peer 0x55ea88ffe900 (47 bytes)
1613248332.237273 sending message 105 to peer 0x55ea88ffe900 (16 bytes)
1613248332.237285 sending message 105 to peer 0x55ea88ffe900 (34 bytes)
1613248332.237297 sending message 105 to peer 0x55ea88ffe900 (23 bytes)
1613248332.237326 sending message 105 to peer 0x55ea88ffe900 (30 bytes)
1613248332.237339 sending message 105 to peer 0x55ea88ffe900 (21 bytes)
1613248332.237351 sending message 105 to peer 0x55ea88ffe900 (51 bytes)
1613248332.237363 sending message 105 to peer 0x55ea88ffe900 (32 bytes)
1613248332.237375 sending message 105 to peer 0x55ea88ffe900 (9 bytes)
1613248332.237387 sending message 105 to peer 0x55ea88ffe900 (13 bytes)
1613248332.237399 sending message 105 to peer 0x55ea88ffe900 (30 bytes)
1613248332.237410 sending message 105 to peer 0x55ea88ffe900 (11 bytes)
1613248332.237422 sending message 105 to peer 0x55ea88ffe900 (8 bytes)
1613248332.237434 sending message 105 to peer 0x55ea88ffe900 (11 bytes)
1613248332.237446 sending message 105 to peer 0x55ea88ffe900 (25 bytes)
1613248332.237458 sending message 105 to peer 0x55ea88ffe900 (24 bytes)
1613248332.237470 sending message 105 to peer 0x55ea88ffe900 (18 bytes)
1613248332.237482 sending message 105 to peer 0x55ea88ffe900 (27 bytes)
1613248332.237494 sending message 105 to peer 0x55ea88ffe900 (88 bytes)
1613248332.237506 sending message 105 to peer 0x55ea88ffe900 (13 bytes)
1613248332.237518 sending message 105 to peer 0x55ea88ffe900 (21 bytes)
1613248332.237530 sending message 105 to peer 0x55ea88ffe900 (31 bytes)
1613248332.237542 sending message 105 to peer 0x55ea88ffe900 (20 bytes)
1613248332.237554 sending message 105 to peer 0x55ea88ffe900 (23 bytes)
1613248332.237566 sending message 105 to peer 0x55ea88ffe900 (85 bytes)
1613248332.237578 sending message 105 to peer 0x55ea88ffe900 (125 bytes)
1613248332.237591 sending message 105 to peer 0x55ea88ffe900 (46 bytes)
1613248332.237603 sending message 105 to peer 0x55ea88ffe900 (18 bytes)
1613248332.237615 sending message 105 to peer 0x55ea88ffe900 (92 bytes)
1613248332.237626 sending message 105 to peer 0x55ea88ffe900 (23 bytes)
1613248332.237638 sending message 105 to peer 0x55ea88ffe900 (17 bytes)
1613248332.237651 sending message 105 to peer 0x55ea88ffe900 (16 bytes)
1613248332.237663 sending message 106 to peer 0x55ea88ffe900 (0 bytes)
1613248332.237676 sending message 200 to peer 0x55ea88ffe900 (4 bytes)
1613248332.237688 client loop enter
1613248332.238673 peer 0x55ea88ffe900 message 211
1613248332.238713 client_write: sessions should be nested with care, unset $TMUX to force\n
1613248332.238747 peer 0x55ea88ffe900 message 203
1613248332.238763 client loop exit
